2017-12-09 16:57:00.643  INFO 21305 --- [main] pringbootRabbitmqConsumerDemoApplication : Starting SpringbootRabbitmqConsumerDemoApplication on ragesh-Aspire-E5-551 with PID 21305 (/home/ragesh/data/java/workspace/springboot-rabbitmq-consumer-demo/target/classes started by ragesh in /home/ragesh/data/java/workspace/springboot-rabbitmq-consumer-demo)
2017-12-09 16:57:00.654  INFO 21305 --- [main] pringbootRabbitmqConsumerDemoApplication : No active profile set, falling back to default profiles: default
2017-12-09 16:57:00.816  INFO 21305 --- [main] ationConfigEmbeddedWebApplicationContext : Refreshing org.springframework.boot.context.embedded.AnnotationConfigEmbeddedWebApplicationContext@16e7dcfd: startup date [Sat Dec 09 16:57:00 CET 2017]; root of context hierarchy
2017-12-09 16:57:02.157  INFO 21305 --- [main] trationDelegate$BeanPostProcessorChecker : Bean 'org.springframework.amqp.rabbit.annotation.RabbitBootstrapConfiguration' of type [org.springframework.amqp.rabbit.annotation.RabbitBootstrapConfiguration$$EnhancerBySpringCGLIB$$3062a902] is not eligible for getting processed by all BeanPostProcessors (for example: not eligible for auto-proxying)
2017-12-09 16:57:02.764  INFO 21305 --- [main] s.b.c.e.t.TomcatEmbeddedServletContainer : Tomcat initialized with port(s): 8080 (http)
2017-12-09 16:57:02.779  INFO 21305 --- [main] o.apache.catalina.core.StandardService   : Starting service [Tomcat]
2017-12-09 16:57:02.780  INFO 21305 --- [main] org.apache.catalina.core.StandardEngine  : Starting Servlet Engine: Apache Tomcat/8.5.23
2017-12-09 16:57:02.883  INFO 21305 --- [localhost-startStop-1] o.a.c.c.C.[Tomcat].[localhost].[/]       : Initializing Spring embedded WebApplicationContext
2017-12-09 16:57:02.884  INFO 21305 --- [localhost-startStop-1] o.s.web.context.ContextLoader            : Root WebApplicationContext: initialization completed in 2082 ms
2017-12-09 16:57:03.064  INFO 21305 --- [localhost-startStop-1] o.s.b.w.servlet.ServletRegistrationBean  : Mapping servlet: 'dispatcherServlet' to [/]
2017-12-09 16:57:03.069  INFO 21305 --- [localhost-startStop-1] o.s.b.w.servlet.FilterRegistrationBean   : Mapping filter: 'characterEncodingFilter' to: [/*]
2017-12-09 16:57:03.070  INFO 21305 --- [localhost-startStop-1] o.s.b.w.servlet.FilterRegistrationBean   : Mapping filter: 'hiddenHttpMethodFilter' to: [/*]
2017-12-09 16:57:03.070  INFO 21305 --- [localhost-startStop-1] o.s.b.w.servlet.FilterRegistrationBean   : Mapping filter: 'httpPutFormContentFilter' to: [/*]
2017-12-09 16:57:03.070  INFO 21305 --- [localhost-startStop-1] o.s.b.w.servlet.FilterRegistrationBean   : Mapping filter: 'requestContextFilter' to: [/*]
2017-12-09 16:57:03.638  INFO 21305 --- [main] s.w.s.m.m.a.RequestMappingHandlerAdapter : Looking for @ControllerAdvice: org.springframework.boot.context.embedded.AnnotationConfigEmbeddedWebApplicationContext@16e7dcfd: startup date [Sat Dec 09 16:57:00 CET 2017]; root of context hierarchy
2017-12-09 16:57:03.729  INFO 21305 --- [main] s.w.s.m.m.a.RequestMappingHandlerMapping : Mapped "{[/error],produces=[text/html]}" onto public org.springframework.web.servlet.ModelAndView org.springframework.boot.autoconfigure.web.BasicErrorController.errorHtml(javax.servlet.http.HttpServletRequest,javax.servlet.http.HttpServletResponse)
2017-12-09 16:57:03.731  INFO 21305 --- [main] s.w.s.m.m.a.RequestMappingHandlerMapping : Mapped "{[/error]}" onto public org.springframework.http.ResponseEntity<java.util.Map<java.lang.String, java.lang.Object>> org.springframework.boot.autoconfigure.web.BasicErrorController.error(javax.servlet.http.HttpServletRequest)
2017-12-09 16:57:03.790  INFO 21305 --- [main] o.s.w.s.handler.SimpleUrlHandlerMapping  : Mapped URL path [/webjars/**] onto handler of type [class org.springframework.web.servlet.resource.ResourceHttpRequestHandler]
2017-12-09 16:57:03.790  INFO 21305 --- [main] o.s.w.s.handler.SimpleUrlHandlerMapping  : Mapped URL path [/**] onto handler of type [class org.springframework.web.servlet.resource.ResourceHttpRequestHandler]
2017-12-09 16:57:03.855  INFO 21305 --- [main] o.s.w.s.handler.SimpleUrlHandlerMapping  : Mapped URL path [/**/favicon.ico] onto handler of type [class org.springframework.web.servlet.resource.ResourceHttpRequestHandler]
2017-12-09 16:57:04.218  INFO 21305 --- [main] o.s.j.e.a.AnnotationMBeanExporter        : Registering beans for JMX exposure on startup
2017-12-09 16:57:04.233  INFO 21305 --- [main] o.s.j.e.a.AnnotationMBeanExporter        : Bean with name 'rabbitConnectionFactory' has been autodetected for JMX exposure
2017-12-09 16:57:04.237  INFO 21305 --- [main] o.s.j.e.a.AnnotationMBeanExporter        : Located managed bean 'rabbitConnectionFactory': registering with JMX server as MBean [org.springframework.amqp.rabbit.connection:name=rabbitConnectionFactory,type=CachingConnectionFactory]
2017-12-09 16:57:04.284  INFO 21305 --- [main] o.s.c.support.DefaultLifecycleProcessor  : Starting beans in phase 2147483647
2017-12-09 16:57:04.332  INFO 21305 --- [SimpleAsyncTaskExecutor-1] o.s.a.r.c.CachingConnectionFactory       : Created new connection: rabbitConnectionFactory#242ac334:0/SimpleConnection@193f1a7b [delegate=amqp://radmin@127.0.0.1:5672/, localPort= 50646]
2017-12-09 16:57:04.459  INFO 21305 --- [main] s.b.c.e.t.TomcatEmbeddedServletContainer : Tomcat started on port(s): 8080 (http)
2017-12-09 16:57:04.467  INFO 21305 --- [main] pringbootRabbitmqConsumerDemoApplication : Started SpringbootRabbitmqConsumerDemoApplication in 4.811 seconds (JVM running for 6.583)
2017-12-09 16:57:04.495  WARN 21305 --- [SimpleAsyncTaskExecutor-1] s.a.r.l.ConditionalRejectingErrorHandler : Execution of Rabbit message listener failed.

org.springframework.amqp.rabbit.listener.exception.ListenerExecutionFailedException: Listener threw exception
	at org.springframework.amqp.rabbit.listener.AbstractMessageListenerContainer.wrapToListenerExecutionFailedExceptionIfNeeded(AbstractMessageListenerContainer.java:941)
	at org.springframework.amqp.rabbit.listener.AbstractMessageListenerContainer.doInvokeListener(AbstractMessageListenerContainer.java:851)
	at org.springframework.amqp.rabbit.listener.AbstractMessageListenerContainer.invokeListener(AbstractMessageListenerContainer.java:771)
	at org.springframework.amqp.rabbit.listener.SimpleMessageListenerContainer.access$001(SimpleMessageListenerContainer.java:102)
	at org.springframework.amqp.rabbit.listener.SimpleMessageListenerContainer$1.invokeListener(SimpleMessageListenerContainer.java:198)
	at org.springframework.amqp.rabbit.listener.SimpleMessageListenerContainer.invokeListener(SimpleMessageListenerContainer.java:1311)
	at org.springframework.amqp.rabbit.listener.AbstractMessageListenerContainer.executeListener(AbstractMessageListenerContainer.java:752)
	at org.springframework.amqp.rabbit.listener.SimpleMessageListenerContainer.doReceiveAndExecute(SimpleMessageListenerContainer.java:1254)
	at org.springframework.amqp.rabbit.listener.SimpleMessageListenerContainer.receiveAndExecute(SimpleMessageListenerContainer.java:1224)
	at org.springframework.amqp.rabbit.listener.SimpleMessageListenerContainer.access$1600(SimpleMessageListenerContainer.java:102)
	at org.springframework.amqp.rabbit.listener.SimpleMessageListenerContainer$AsyncMessageProcessingConsumer.run(SimpleMessageListenerContainer.java:1470)
	at java.lang.Thread.run(Thread.java:748)
Caused by: org.springframework.amqp.support.converter.MessageConversionException: Failed to convert Message content
	at org.springframework.amqp.support.converter.Jackson2JsonMessageConverter.fromMessage(Jackson2JsonMessageConverter.java:188)
	at org.springframework.amqp.rabbit.listener.adapter.AbstractAdaptableMessageListener.extractMessage(AbstractAdaptableMessageListener.java:236)
	at org.springframework.amqp.rabbit.listener.adapter.MessagingMessageListenerAdapter$MessagingMessageConverterAdapter.extractPayload(MessagingMessageListenerAdapter.java:216)
	at org.springframework.amqp.support.converter.MessagingMessageConverter.fromMessage(MessagingMessageConverter.java:118)
	at org.springframework.amqp.rabbit.listener.adapter.MessagingMessageListenerAdapter.toMessagingMessage(MessagingMessageListenerAdapter.java:116)
	at org.springframework.amqp.rabbit.listener.adapter.MessagingMessageListenerAdapter.onMessage(MessagingMessageListenerAdapter.java:102)
	at org.springframework.amqp.rabbit.listener.AbstractMessageListenerContainer.doInvokeListener(AbstractMessageListenerContainer.java:848)
	... 10 common frames omitted
Caused by: com.fasterxml.jackson.databind.JsonMappingException: Can not construct instance of com.techjava.springbootrabbitmqconsumerdemo.model.Category: no suitable constructor found, can not deserialize from Object value (missing default constructor or creator, or perhaps need to add/enable type information?)
 at [Source: {"@id":1,"categoryName":"Apple","itemList":[{"@id":1,"itemName":"Iphone 7","category":1},{"@id":2,"itemName":"IPadPro","category":1}]}; line: 1, column: 2]
	at com.fasterxml.jackson.databind.JsonMappingException.from(JsonMappingException.java:270)
	at com.fasterxml.jackson.databind.DeserializationContext.instantiationException(DeserializationContext.java:1456)
	at com.fasterxml.jackson.databind.DeserializationContext.handleMissingInstantiator(DeserializationContext.java:1012)
	at com.fasterxml.jackson.databind.deser.BeanDeserializerBase.deserializeFromObjectUsingNonDefault(BeanDeserializerBase.java:1206)
	at com.fasterxml.jackson.databind.deser.BeanDeserializer.deserializeFromObject(BeanDeserializer.java:314)
	at com.fasterxml.jackson.databind.deser.BeanDeserializerBase.deserializeWithObjectId(BeanDeserializerBase.java:1161)
	at com.fasterxml.jackson.databind.deser.BeanDeserializer.deserialize(BeanDeserializer.java:146)
	at com.fasterxml.jackson.databind.ObjectMapper._readMapAndClose(ObjectMapper.java:3814)
	at com.fasterxml.jackson.databind.ObjectMapper.readValue(ObjectMapper.java:2896)
	at org.springframework.amqp.support.converter.Jackson2JsonMessageConverter.convertBytesToObject(Jackson2JsonMessageConverter.java:207)
	at org.springframework.amqp.support.converter.Jackson2JsonMessageConverter.fromMessage(Jackson2JsonMessageConverter.java:177)
	... 16 common frames omitted

2017-12-09 16:57:04.497  WARN 21305 --- [SimpleAsyncTaskExecutor-1] ingErrorHandler$DefaultExceptionStrategy : Fatal message conversion error; message rejected; it will be dropped or routed to a dead letter exchange, if so configured: (Body:'{"@id":1,"categoryName":"Apple","itemList":[{"@id":1,"itemName":"Iphone 7","category":1},{"@id":2,"itemName":"IPadPro","category":1}]}' MessageProperties [headers={__TypeId__=com.techjava.springbootrabbitmqproducerdemo.model.Category}, timestamp=null, messageId=null, userId=null, receivedUserId=null, appId=null, clusterId=null, type=null, correlationId=null, correlationIdString=null, replyTo=null, contentType=application/json, contentEncoding=UTF-8, contentLength=0, deliveryMode=null, receivedDeliveryMode=PERSISTENT, expiration=null, priority=0, redelivered=false, receivedExchange=jsa.exchange, receivedRoutingKey=jsa.routingkey, receivedDelay=null, deliveryTag=1, messageCount=0, consumerTag=amq.ctag-MmFFd_zpKGtCEstAMFKupw, consumerQueue=jsa.queue])
2017-12-09 16:57:48.665  INFO 21305 --- [Thread-13] ationConfigEmbeddedWebApplicationContext : Closing org.springframework.boot.context.embedded.AnnotationConfigEmbeddedWebApplicationContext@16e7dcfd: startup date [Sat Dec 09 16:57:00 CET 2017]; root of context hierarchy
2017-12-09 16:57:48.670  INFO 21305 --- [Thread-13] o.s.c.support.DefaultLifecycleProcessor  : Stopping beans in phase 2147483647
2017-12-09 16:57:48.676  INFO 21305 --- [Thread-13] o.s.a.r.l.SimpleMessageListenerContainer : Waiting for workers to finish.
2017-12-09 16:57:49.522  INFO 21305 --- [Thread-13] o.s.a.r.l.SimpleMessageListenerContainer : Successfully waited for workers to finish.
2017-12-09 16:57:49.525  INFO 21305 --- [Thread-13] o.s.j.e.a.AnnotationMBeanExporter        : Unregistering JMX-exposed beans on shutdown
2017-12-09 16:57:49.525  INFO 21305 --- [Thread-13] o.s.j.e.a.AnnotationMBeanExporter        : Unregistering JMX-exposed beans
2017-12-09 16:58:21.764  INFO 21488 --- [main] pringbootRabbitmqConsumerDemoApplication : Starting SpringbootRabbitmqConsumerDemoApplication on ragesh-Aspire-E5-551 with PID 21488 (/home/ragesh/data/java/workspace/springboot-rabbitmq-consumer-demo/target/classes started by ragesh in /home/ragesh/data/java/workspace/springboot-rabbitmq-consumer-demo)
2017-12-09 16:58:21.769  INFO 21488 --- [main] pringbootRabbitmqConsumerDemoApplication : No active profile set, falling back to default profiles: default
2017-12-09 16:58:21.860  INFO 21488 --- [main] ationConfigEmbeddedWebApplicationContext : Refreshing org.springframework.boot.context.embedded.AnnotationConfigEmbeddedWebApplicationContext@16e7dcfd: startup date [Sat Dec 09 16:58:21 CET 2017]; root of context hierarchy
2017-12-09 16:58:23.469  INFO 21488 --- [main] trationDelegate$BeanPostProcessorChecker : Bean 'org.springframework.amqp.rabbit.annotation.RabbitBootstrapConfiguration' of type [org.springframework.amqp.rabbit.annotation.RabbitBootstrapConfiguration$$EnhancerBySpringCGLIB$$f7263815] is not eligible for getting processed by all BeanPostProcessors (for example: not eligible for auto-proxying)
2017-12-09 16:58:23.997  INFO 21488 --- [main] s.b.c.e.t.TomcatEmbeddedServletContainer : Tomcat initialized with port(s): 8080 (http)
2017-12-09 16:58:24.013  INFO 21488 --- [main] o.apache.catalina.core.StandardService   : Starting service [Tomcat]
2017-12-09 16:58:24.014  INFO 21488 --- [main] org.apache.catalina.core.StandardEngine  : Starting Servlet Engine: Apache Tomcat/8.5.23
2017-12-09 16:58:24.150  INFO 21488 --- [localhost-startStop-1] o.a.c.c.C.[Tomcat].[localhost].[/]       : Initializing Spring embedded WebApplicationContext
2017-12-09 16:58:24.150  INFO 21488 --- [localhost-startStop-1] o.s.web.context.ContextLoader            : Root WebApplicationContext: initialization completed in 2297 ms
2017-12-09 16:58:24.330  INFO 21488 --- [localhost-startStop-1] o.s.b.w.servlet.ServletRegistrationBean  : Mapping servlet: 'dispatcherServlet' to [/]
2017-12-09 16:58:24.335  INFO 21488 --- [localhost-startStop-1] o.s.b.w.servlet.FilterRegistrationBean   : Mapping filter: 'characterEncodingFilter' to: [/*]
2017-12-09 16:58:24.336  INFO 21488 --- [localhost-startStop-1] o.s.b.w.servlet.FilterRegistrationBean   : Mapping filter: 'hiddenHttpMethodFilter' to: [/*]
2017-12-09 16:58:24.336  INFO 21488 --- [localhost-startStop-1] o.s.b.w.servlet.FilterRegistrationBean   : Mapping filter: 'httpPutFormContentFilter' to: [/*]
2017-12-09 16:58:24.336  INFO 21488 --- [localhost-startStop-1] o.s.b.w.servlet.FilterRegistrationBean   : Mapping filter: 'requestContextFilter' to: [/*]
2017-12-09 16:58:24.934  INFO 21488 --- [main] s.w.s.m.m.a.RequestMappingHandlerAdapter : Looking for @ControllerAdvice: org.springframework.boot.context.embedded.AnnotationConfigEmbeddedWebApplicationContext@16e7dcfd: startup date [Sat Dec 09 16:58:21 CET 2017]; root of context hierarchy
2017-12-09 16:58:25.027  INFO 21488 --- [main] s.w.s.m.m.a.RequestMappingHandlerMapping : Mapped "{[/error],produces=[text/html]}" onto public org.springframework.web.servlet.ModelAndView org.springframework.boot.autoconfigure.web.BasicErrorController.errorHtml(javax.servlet.http.HttpServletRequest,javax.servlet.http.HttpServletResponse)
2017-12-09 16:58:25.029  INFO 21488 --- [main] s.w.s.m.m.a.RequestMappingHandlerMapping : Mapped "{[/error]}" onto public org.springframework.http.ResponseEntity<java.util.Map<java.lang.String, java.lang.Object>> org.springframework.boot.autoconfigure.web.BasicErrorController.error(javax.servlet.http.HttpServletRequest)
2017-12-09 16:58:25.092  INFO 21488 --- [main] o.s.w.s.handler.SimpleUrlHandlerMapping  : Mapped URL path [/webjars/**] onto handler of type [class org.springframework.web.servlet.resource.ResourceHttpRequestHandler]
2017-12-09 16:58:25.092  INFO 21488 --- [main] o.s.w.s.handler.SimpleUrlHandlerMapping  : Mapped URL path [/**] onto handler of type [class org.springframework.web.servlet.resource.ResourceHttpRequestHandler]
2017-12-09 16:58:25.181  INFO 21488 --- [main] o.s.w.s.handler.SimpleUrlHandlerMapping  : Mapped URL path [/**/favicon.ico] onto handler of type [class org.springframework.web.servlet.resource.ResourceHttpRequestHandler]
2017-12-09 16:58:25.493  INFO 21488 --- [main] o.s.j.e.a.AnnotationMBeanExporter        : Registering beans for JMX exposure on startup
2017-12-09 16:58:25.506  INFO 21488 --- [main] o.s.j.e.a.AnnotationMBeanExporter        : Bean with name 'rabbitConnectionFactory' has been autodetected for JMX exposure
2017-12-09 16:58:25.510  INFO 21488 --- [main] o.s.j.e.a.AnnotationMBeanExporter        : Located managed bean 'rabbitConnectionFactory': registering with JMX server as MBean [org.springframework.amqp.rabbit.connection:name=rabbitConnectionFactory,type=CachingConnectionFactory]
2017-12-09 16:58:25.561  INFO 21488 --- [main] o.s.c.support.DefaultLifecycleProcessor  : Starting beans in phase 2147483647
2017-12-09 16:58:25.624  INFO 21488 --- [SimpleAsyncTaskExecutor-1] o.s.a.r.c.CachingConnectionFactory       : Created new connection: rabbitConnectionFactory#f2d741c:0/SimpleConnection@2044eb70 [delegate=amqp://radmin@127.0.0.1:5672/, localPort= 50676]
2017-12-09 16:58:25.739  INFO 21488 --- [main] s.b.c.e.t.TomcatEmbeddedServletContainer : Tomcat started on port(s): 8080 (http)
2017-12-09 16:58:25.746  INFO 21488 --- [main] pringbootRabbitmqConsumerDemoApplication : Started SpringbootRabbitmqConsumerDemoApplication in 4.545 seconds (JVM running for 5.513)
2017-12-09 16:59:50.838  INFO 21488 --- [Thread-12] ationConfigEmbeddedWebApplicationContext : Closing org.springframework.boot.context.embedded.AnnotationConfigEmbeddedWebApplicationContext@16e7dcfd: startup date [Sat Dec 09 16:58:21 CET 2017]; root of context hierarchy
2017-12-09 16:59:50.842  INFO 21488 --- [Thread-12] o.s.c.support.DefaultLifecycleProcessor  : Stopping beans in phase 2147483647
2017-12-09 16:59:50.848  INFO 21488 --- [Thread-12] o.s.a.r.l.SimpleMessageListenerContainer : Waiting for workers to finish.
2017-12-09 16:59:51.719  INFO 21488 --- [Thread-12] o.s.a.r.l.SimpleMessageListenerContainer : Successfully waited for workers to finish.
2017-12-09 16:59:51.723  INFO 21488 --- [Thread-12] o.s.j.e.a.AnnotationMBeanExporter        : Unregistering JMX-exposed beans on shutdown
2017-12-09 16:59:51.724  INFO 21488 --- [Thread-12] o.s.j.e.a.AnnotationMBeanExporter        : Unregistering JMX-exposed beans
2017-12-09 17:02:00.006  INFO 21862 --- [main] pringbootRabbitmqConsumerDemoApplication : Starting SpringbootRabbitmqConsumerDemoApplication on ragesh-Aspire-E5-551 with PID 21862 (/home/ragesh/data/java/workspace/springboot-rabbitmq-consumer-demo/target/classes started by ragesh in /home/ragesh/data/java/workspace/springboot-rabbitmq-consumer-demo)
2017-12-09 17:02:00.012  INFO 21862 --- [main] pringbootRabbitmqConsumerDemoApplication : No active profile set, falling back to default profiles: default
2017-12-09 17:02:00.108  INFO 21862 --- [main] ationConfigEmbeddedWebApplicationContext : Refreshing org.springframework.boot.context.embedded.AnnotationConfigEmbeddedWebApplicationContext@16e7dcfd: startup date [Sat Dec 09 17:02:00 CET 2017]; root of context hierarchy
2017-12-09 17:02:01.710  INFO 21862 --- [main] trationDelegate$BeanPostProcessorChecker : Bean 'org.springframework.amqp.rabbit.annotation.RabbitBootstrapConfiguration' of type [org.springframework.amqp.rabbit.annotation.RabbitBootstrapConfiguration$$EnhancerBySpringCGLIB$$3062a902] is not eligible for getting processed by all BeanPostProcessors (for example: not eligible for auto-proxying)
2017-12-09 17:02:02.214  INFO 21862 --- [main] s.b.c.e.t.TomcatEmbeddedServletContainer : Tomcat initialized with port(s): 8052 (http)
2017-12-09 17:02:02.229  INFO 21862 --- [main] o.apache.catalina.core.StandardService   : Starting service [Tomcat]
2017-12-09 17:02:02.230  INFO 21862 --- [main] org.apache.catalina.core.StandardEngine  : Starting Servlet Engine: Apache Tomcat/8.5.23
2017-12-09 17:02:02.333  INFO 21862 --- [localhost-startStop-1] o.a.c.c.C.[Tomcat].[localhost].[/]       : Initializing Spring embedded WebApplicationContext
2017-12-09 17:02:02.333  INFO 21862 --- [localhost-startStop-1] o.s.web.context.ContextLoader            : Root WebApplicationContext: initialization completed in 2231 ms
2017-12-09 17:02:02.512  INFO 21862 --- [localhost-startStop-1] o.s.b.w.servlet.ServletRegistrationBean  : Mapping servlet: 'dispatcherServlet' to [/]
2017-12-09 17:02:02.517  INFO 21862 --- [localhost-startStop-1] o.s.b.w.servlet.FilterRegistrationBean   : Mapping filter: 'characterEncodingFilter' to: [/*]
2017-12-09 17:02:02.518  INFO 21862 --- [localhost-startStop-1] o.s.b.w.servlet.FilterRegistrationBean   : Mapping filter: 'hiddenHttpMethodFilter' to: [/*]
2017-12-09 17:02:02.519  INFO 21862 --- [localhost-startStop-1] o.s.b.w.servlet.FilterRegistrationBean   : Mapping filter: 'httpPutFormContentFilter' to: [/*]
2017-12-09 17:02:02.519  INFO 21862 --- [localhost-startStop-1] o.s.b.w.servlet.FilterRegistrationBean   : Mapping filter: 'requestContextFilter' to: [/*]
2017-12-09 17:02:03.121  INFO 21862 --- [main] s.w.s.m.m.a.RequestMappingHandlerAdapter : Looking for @ControllerAdvice: org.springframework.boot.context.embedded.AnnotationConfigEmbeddedWebApplicationContext@16e7dcfd: startup date [Sat Dec 09 17:02:00 CET 2017]; root of context hierarchy
2017-12-09 17:02:03.230  INFO 21862 --- [main] s.w.s.m.m.a.RequestMappingHandlerMapping : Mapped "{[/error],produces=[text/html]}" onto public org.springframework.web.servlet.ModelAndView org.springframework.boot.autoconfigure.web.BasicErrorController.errorHtml(javax.servlet.http.HttpServletRequest,javax.servlet.http.HttpServletResponse)
2017-12-09 17:02:03.232  INFO 21862 --- [main] s.w.s.m.m.a.RequestMappingHandlerMapping : Mapped "{[/error]}" onto public org.springframework.http.ResponseEntity<java.util.Map<java.lang.String, java.lang.Object>> org.springframework.boot.autoconfigure.web.BasicErrorController.error(javax.servlet.http.HttpServletRequest)
2017-12-09 17:02:03.292  INFO 21862 --- [main] o.s.w.s.handler.SimpleUrlHandlerMapping  : Mapped URL path [/webjars/**] onto handler of type [class org.springframework.web.servlet.resource.ResourceHttpRequestHandler]
2017-12-09 17:02:03.293  INFO 21862 --- [main] o.s.w.s.handler.SimpleUrlHandlerMapping  : Mapped URL path [/**] onto handler of type [class org.springframework.web.servlet.resource.ResourceHttpRequestHandler]
2017-12-09 17:02:03.389  INFO 21862 --- [main] o.s.w.s.handler.SimpleUrlHandlerMapping  : Mapped URL path [/**/favicon.ico] onto handler of type [class org.springframework.web.servlet.resource.ResourceHttpRequestHandler]
2017-12-09 17:02:03.705  INFO 21862 --- [main] o.s.j.e.a.AnnotationMBeanExporter        : Registering beans for JMX exposure on startup
2017-12-09 17:02:03.718  INFO 21862 --- [main] o.s.j.e.a.AnnotationMBeanExporter        : Bean with name 'rabbitConnectionFactory' has been autodetected for JMX exposure
2017-12-09 17:02:03.723  INFO 21862 --- [main] o.s.j.e.a.AnnotationMBeanExporter        : Located managed bean 'rabbitConnectionFactory': registering with JMX server as MBean [org.springframework.amqp.rabbit.connection:name=rabbitConnectionFactory,type=CachingConnectionFactory]
2017-12-09 17:02:03.774  INFO 21862 --- [main] o.s.c.support.DefaultLifecycleProcessor  : Starting beans in phase 2147483647
2017-12-09 17:02:03.829  INFO 21862 --- [SimpleAsyncTaskExecutor-1] o.s.a.r.c.CachingConnectionFactory       : Created new connection: rabbitConnectionFactory#79cecfa4:0/SimpleConnection@7918aca8 [delegate=amqp://radmin@127.0.0.1:5672/, localPort= 50740]
2017-12-09 17:02:03.957  INFO 21862 --- [main] s.b.c.e.t.TomcatEmbeddedServletContainer : Tomcat started on port(s): 8052 (http)
2017-12-09 17:02:03.964  INFO 21862 --- [main] pringbootRabbitmqConsumerDemoApplication : Started SpringbootRabbitmqConsumerDemoApplication in 4.536 seconds (JVM running for 5.474)
2017-12-09 17:02:05.149  INFO 21862 --- [Thread-12] ationConfigEmbeddedWebApplicationContext : Closing org.springframework.boot.context.embedded.AnnotationConfigEmbeddedWebApplicationContext@16e7dcfd: startup date [Sat Dec 09 17:02:00 CET 2017]; root of context hierarchy
2017-12-09 17:02:05.155  INFO 21862 --- [Thread-12] o.s.c.support.DefaultLifecycleProcessor  : Stopping beans in phase 2147483647
2017-12-09 17:02:05.162  INFO 21862 --- [Thread-12] o.s.a.r.l.SimpleMessageListenerContainer : Waiting for workers to finish.
2017-12-09 17:02:05.907  INFO 21862 --- [Thread-12] o.s.a.r.l.SimpleMessageListenerContainer : Successfully waited for workers to finish.
2017-12-09 17:02:05.910  INFO 21862 --- [Thread-12] o.s.j.e.a.AnnotationMBeanExporter        : Unregistering JMX-exposed beans on shutdown
2017-12-09 17:02:05.911  INFO 21862 --- [Thread-12] o.s.j.e.a.AnnotationMBeanExporter        : Unregistering JMX-exposed beans
2017-12-09 17:03:00.197  INFO 22121 --- [main] pringbootRabbitmqConsumerDemoApplication : Starting SpringbootRabbitmqConsumerDemoApplication on ragesh-Aspire-E5-551 with PID 22121 (/home/ragesh/data/java/workspace/springboot-rabbitmq-consumer-demo/target/classes started by ragesh in /home/ragesh/data/java/workspace/springboot-rabbitmq-consumer-demo)
2017-12-09 17:03:00.205  INFO 22121 --- [main] pringbootRabbitmqConsumerDemoApplication : No active profile set, falling back to default profiles: default
2017-12-09 17:03:00.321  INFO 22121 --- [main] ationConfigEmbeddedWebApplicationContext : Refreshing org.springframework.boot.context.embedded.AnnotationConfigEmbeddedWebApplicationContext@16e7dcfd: startup date [Sat Dec 09 17:03:00 CET 2017]; root of context hierarchy
2017-12-09 17:03:01.957  INFO 22121 --- [main] trationDelegate$BeanPostProcessorChecker : Bean 'org.springframework.amqp.rabbit.annotation.RabbitBootstrapConfiguration' of type [org.springframework.amqp.rabbit.annotation.RabbitBootstrapConfiguration$$EnhancerBySpringCGLIB$$3062a902] is not eligible for getting processed by all BeanPostProcessors (for example: not eligible for auto-proxying)
2017-12-09 17:03:02.501  INFO 22121 --- [main] s.b.c.e.t.TomcatEmbeddedServletContainer : Tomcat initialized with port(s): 8052 (http)
2017-12-09 17:03:02.520  INFO 22121 --- [main] o.apache.catalina.core.StandardService   : Starting service [Tomcat]
2017-12-09 17:03:02.522  INFO 22121 --- [main] org.apache.catalina.core.StandardEngine  : Starting Servlet Engine: Apache Tomcat/8.5.23
2017-12-09 17:03:02.663  INFO 22121 --- [localhost-startStop-1] o.a.c.c.C.[Tomcat].[localhost].[/]       : Initializing Spring embedded WebApplicationContext
2017-12-09 17:03:02.664  INFO 22121 --- [localhost-startStop-1] o.s.web.context.ContextLoader            : Root WebApplicationContext: initialization completed in 2350 ms
2017-12-09 17:03:02.884  INFO 22121 --- [localhost-startStop-1] o.s.b.w.servlet.ServletRegistrationBean  : Mapping servlet: 'dispatcherServlet' to [/]
2017-12-09 17:03:02.890  INFO 22121 --- [localhost-startStop-1] o.s.b.w.servlet.FilterRegistrationBean   : Mapping filter: 'characterEncodingFilter' to: [/*]
2017-12-09 17:03:02.891  INFO 22121 --- [localhost-startStop-1] o.s.b.w.servlet.FilterRegistrationBean   : Mapping filter: 'hiddenHttpMethodFilter' to: [/*]
2017-12-09 17:03:02.892  INFO 22121 --- [localhost-startStop-1] o.s.b.w.servlet.FilterRegistrationBean   : Mapping filter: 'httpPutFormContentFilter' to: [/*]
2017-12-09 17:03:02.892  INFO 22121 --- [localhost-startStop-1] o.s.b.w.servlet.FilterRegistrationBean   : Mapping filter: 'requestContextFilter' to: [/*]
2017-12-09 17:03:03.496  INFO 22121 --- [main] s.w.s.m.m.a.RequestMappingHandlerAdapter : Looking for @ControllerAdvice: org.springframework.boot.context.embedded.AnnotationConfigEmbeddedWebApplicationContext@16e7dcfd: startup date [Sat Dec 09 17:03:00 CET 2017]; root of context hierarchy
2017-12-09 17:03:03.595  INFO 22121 --- [main] s.w.s.m.m.a.RequestMappingHandlerMapping : Mapped "{[/error],produces=[text/html]}" onto public org.springframework.web.servlet.ModelAndView org.springframework.boot.autoconfigure.web.BasicErrorController.errorHtml(javax.servlet.http.HttpServletRequest,javax.servlet.http.HttpServletResponse)
2017-12-09 17:03:03.596  INFO 22121 --- [main] s.w.s.m.m.a.RequestMappingHandlerMapping : Mapped "{[/error]}" onto public org.springframework.http.ResponseEntity<java.util.Map<java.lang.String, java.lang.Object>> org.springframework.boot.autoconfigure.web.BasicErrorController.error(javax.servlet.http.HttpServletRequest)
2017-12-09 17:03:03.660  INFO 22121 --- [main] o.s.w.s.handler.SimpleUrlHandlerMapping  : Mapped URL path [/webjars/**] onto handler of type [class org.springframework.web.servlet.resource.ResourceHttpRequestHandler]
2017-12-09 17:03:03.661  INFO 22121 --- [main] o.s.w.s.handler.SimpleUrlHandlerMapping  : Mapped URL path [/**] onto handler of type [class org.springframework.web.servlet.resource.ResourceHttpRequestHandler]
2017-12-09 17:03:03.756  INFO 22121 --- [main] o.s.w.s.handler.SimpleUrlHandlerMapping  : Mapped URL path [/**/favicon.ico] onto handler of type [class org.springframework.web.servlet.resource.ResourceHttpRequestHandler]
2017-12-09 17:03:04.076  INFO 22121 --- [main] o.s.j.e.a.AnnotationMBeanExporter        : Registering beans for JMX exposure on startup
2017-12-09 17:03:04.094  INFO 22121 --- [main] o.s.j.e.a.AnnotationMBeanExporter        : Bean with name 'rabbitConnectionFactory' has been autodetected for JMX exposure
2017-12-09 17:03:04.099  INFO 22121 --- [main] o.s.j.e.a.AnnotationMBeanExporter        : Located managed bean 'rabbitConnectionFactory': registering with JMX server as MBean [org.springframework.amqp.rabbit.connection:name=rabbitConnectionFactory,type=CachingConnectionFactory]
2017-12-09 17:03:04.148  INFO 22121 --- [main] o.s.c.support.DefaultLifecycleProcessor  : Starting beans in phase 2147483647
2017-12-09 17:03:04.203  INFO 22121 --- [SimpleAsyncTaskExecutor-1] o.s.a.r.c.CachingConnectionFactory       : Created new connection: rabbitConnectionFactory#f2d741c:0/SimpleConnection@2044eb70 [delegate=amqp://radmin@127.0.0.1:5672/, localPort= 50786]
2017-12-09 17:03:04.342  INFO 22121 --- [main] s.b.c.e.t.TomcatEmbeddedServletContainer : Tomcat started on port(s): 8052 (http)
2017-12-09 17:03:04.351  INFO 22121 --- [main] pringbootRabbitmqConsumerDemoApplication : Started SpringbootRabbitmqConsumerDemoApplication in 4.761 seconds (JVM running for 5.721)
2017-12-09 17:03:04.376  WARN 22121 --- [SimpleAsyncTaskExecutor-1] s.a.r.l.ConditionalRejectingErrorHandler : Execution of Rabbit message listener failed.

org.springframework.amqp.rabbit.listener.exception.ListenerExecutionFailedException: Listener threw exception
	at org.springframework.amqp.rabbit.listener.AbstractMessageListenerContainer.wrapToListenerExecutionFailedExceptionIfNeeded(AbstractMessageListenerContainer.java:941)
	at org.springframework.amqp.rabbit.listener.AbstractMessageListenerContainer.doInvokeListener(AbstractMessageListenerContainer.java:851)
	at org.springframework.amqp.rabbit.listener.AbstractMessageListenerContainer.invokeListener(AbstractMessageListenerContainer.java:771)
	at org.springframework.amqp.rabbit.listener.SimpleMessageListenerContainer.access$001(SimpleMessageListenerContainer.java:102)
	at org.springframework.amqp.rabbit.listener.SimpleMessageListenerContainer$1.invokeListener(SimpleMessageListenerContainer.java:198)
	at org.springframework.amqp.rabbit.listener.SimpleMessageListenerContainer.invokeListener(SimpleMessageListenerContainer.java:1311)
	at org.springframework.amqp.rabbit.listener.AbstractMessageListenerContainer.executeListener(AbstractMessageListenerContainer.java:752)
	at org.springframework.amqp.rabbit.listener.SimpleMessageListenerContainer.doReceiveAndExecute(SimpleMessageListenerContainer.java:1254)
	at org.springframework.amqp.rabbit.listener.SimpleMessageListenerContainer.receiveAndExecute(SimpleMessageListenerContainer.java:1224)
	at org.springframework.amqp.rabbit.listener.SimpleMessageListenerContainer.access$1600(SimpleMessageListenerContainer.java:102)
	at org.springframework.amqp.rabbit.listener.SimpleMessageListenerContainer$AsyncMessageProcessingConsumer.run(SimpleMessageListenerContainer.java:1470)
	at java.lang.Thread.run(Thread.java:748)
Caused by: org.springframework.amqp.support.converter.MessageConversionException: Failed to convert Message content
	at org.springframework.amqp.support.converter.Jackson2JsonMessageConverter.fromMessage(Jackson2JsonMessageConverter.java:188)
	at org.springframework.amqp.rabbit.listener.adapter.AbstractAdaptableMessageListener.extractMessage(AbstractAdaptableMessageListener.java:236)
	at org.springframework.amqp.rabbit.listener.adapter.MessagingMessageListenerAdapter$MessagingMessageConverterAdapter.extractPayload(MessagingMessageListenerAdapter.java:216)
	at org.springframework.amqp.support.converter.MessagingMessageConverter.fromMessage(MessagingMessageConverter.java:118)
	at org.springframework.amqp.rabbit.listener.adapter.MessagingMessageListenerAdapter.toMessagingMessage(MessagingMessageListenerAdapter.java:116)
	at org.springframework.amqp.rabbit.listener.adapter.MessagingMessageListenerAdapter.onMessage(MessagingMessageListenerAdapter.java:102)
	at org.springframework.amqp.rabbit.listener.AbstractMessageListenerContainer.doInvokeListener(AbstractMessageListenerContainer.java:848)
	... 10 common frames omitted
Caused by: com.fasterxml.jackson.databind.JsonMappingException: Can not construct instance of com.techjava.springbootrabbitmqconsumerdemo.model.Category: no suitable constructor found, can not deserialize from Object value (missing default constructor or creator, or perhaps need to add/enable type information?)
 at [Source: {"@id":1,"categoryName":"Apple","itemList":[{"@id":1,"itemName":"Iphone 7","category":1},{"@id":2,"itemName":"IPadPro","category":1}]}; line: 1, column: 2]
	at com.fasterxml.jackson.databind.JsonMappingException.from(JsonMappingException.java:270)
	at com.fasterxml.jackson.databind.DeserializationContext.instantiationException(DeserializationContext.java:1456)
	at com.fasterxml.jackson.databind.DeserializationContext.handleMissingInstantiator(DeserializationContext.java:1012)
	at com.fasterxml.jackson.databind.deser.BeanDeserializerBase.deserializeFromObjectUsingNonDefault(BeanDeserializerBase.java:1206)
	at com.fasterxml.jackson.databind.deser.BeanDeserializer.deserializeFromObject(BeanDeserializer.java:314)
	at com.fasterxml.jackson.databind.deser.BeanDeserializerBase.deserializeWithObjectId(BeanDeserializerBase.java:1161)
	at com.fasterxml.jackson.databind.deser.BeanDeserializer.deserialize(BeanDeserializer.java:146)
	at com.fasterxml.jackson.databind.ObjectMapper._readMapAndClose(ObjectMapper.java:3814)
	at com.fasterxml.jackson.databind.ObjectMapper.readValue(ObjectMapper.java:2896)
	at org.springframework.amqp.support.converter.Jackson2JsonMessageConverter.convertBytesToObject(Jackson2JsonMessageConverter.java:207)
	at org.springframework.amqp.support.converter.Jackson2JsonMessageConverter.fromMessage(Jackson2JsonMessageConverter.java:177)
	... 16 common frames omitted

2017-12-09 17:03:04.378  WARN 22121 --- [SimpleAsyncTaskExecutor-1] ingErrorHandler$DefaultExceptionStrategy : Fatal message conversion error; message rejected; it will be dropped or routed to a dead letter exchange, if so configured: (Body:'{"@id":1,"categoryName":"Apple","itemList":[{"@id":1,"itemName":"Iphone 7","category":1},{"@id":2,"itemName":"IPadPro","category":1}]}' MessageProperties [headers={__TypeId__=com.techjava.springbootrabbitmqproducerdemo.model.Category}, timestamp=null, messageId=null, userId=null, receivedUserId=null, appId=null, clusterId=null, type=null, correlationId=null, correlationIdString=null, replyTo=null, contentType=application/json, contentEncoding=UTF-8, contentLength=0, deliveryMode=null, receivedDeliveryMode=PERSISTENT, expiration=null, priority=0, redelivered=false, receivedExchange=jsa.exchange, receivedRoutingKey=jsa.routingkey, receivedDelay=null, deliveryTag=1, messageCount=0, consumerTag=amq.ctag-nHtkfWqLoq2uWRFZRw3iUQ, consumerQueue=jsa.queue])
2017-12-09 17:05:02.132  INFO 22121 --- [Thread-12] ationConfigEmbeddedWebApplicationContext : Closing org.springframework.boot.context.embedded.AnnotationConfigEmbeddedWebApplicationContext@16e7dcfd: startup date [Sat Dec 09 17:03:00 CET 2017]; root of context hierarchy
2017-12-09 17:05:02.137  INFO 22121 --- [Thread-12] o.s.c.support.DefaultLifecycleProcessor  : Stopping beans in phase 2147483647
2017-12-09 17:05:02.143  INFO 22121 --- [Thread-12] o.s.a.r.l.SimpleMessageListenerContainer : Waiting for workers to finish.
2017-12-09 17:05:02.427  INFO 22121 --- [Thread-12] o.s.a.r.l.SimpleMessageListenerContainer : Successfully waited for workers to finish.
2017-12-09 17:05:02.433  INFO 22121 --- [Thread-12] o.s.j.e.a.AnnotationMBeanExporter        : Unregistering JMX-exposed beans on shutdown
2017-12-09 17:05:02.433  INFO 22121 --- [Thread-12] o.s.j.e.a.AnnotationMBeanExporter        : Unregistering JMX-exposed beans
2017-12-09 17:06:05.997  INFO 22399 --- [main] pringbootRabbitmqConsumerDemoApplication : Starting SpringbootRabbitmqConsumerDemoApplication on ragesh-Aspire-E5-551 with PID 22399 (/home/ragesh/data/java/workspace/springboot-rabbitmq-consumer-demo/target/classes started by ragesh in /home/ragesh/data/java/workspace/springboot-rabbitmq-consumer-demo)
2017-12-09 17:06:06.001  INFO 22399 --- [main] pringbootRabbitmqConsumerDemoApplication : No active profile set, falling back to default profiles: default
2017-12-09 17:06:06.123  INFO 22399 --- [main] ationConfigEmbeddedWebApplicationContext : Refreshing org.springframework.boot.context.embedded.AnnotationConfigEmbeddedWebApplicationContext@16e7dcfd: startup date [Sat Dec 09 17:06:06 CET 2017]; root of context hierarchy
2017-12-09 17:06:07.710  INFO 22399 --- [main] trationDelegate$BeanPostProcessorChecker : Bean 'org.springframework.amqp.rabbit.annotation.RabbitBootstrapConfiguration' of type [org.springframework.amqp.rabbit.annotation.RabbitBootstrapConfiguration$$EnhancerBySpringCGLIB$$3062a902] is not eligible for getting processed by all BeanPostProcessors (for example: not eligible for auto-proxying)
2017-12-09 17:06:08.216  INFO 22399 --- [main] s.b.c.e.t.TomcatEmbeddedServletContainer : Tomcat initialized with port(s): 8052 (http)
2017-12-09 17:06:08.231  INFO 22399 --- [main] o.apache.catalina.core.StandardService   : Starting service [Tomcat]
2017-12-09 17:06:08.233  INFO 22399 --- [main] org.apache.catalina.core.StandardEngine  : Starting Servlet Engine: Apache Tomcat/8.5.23
2017-12-09 17:06:08.341  INFO 22399 --- [localhost-startStop-1] o.a.c.c.C.[Tomcat].[localhost].[/]       : Initializing Spring embedded WebApplicationContext
2017-12-09 17:06:08.342  INFO 22399 --- [localhost-startStop-1] o.s.web.context.ContextLoader            : Root WebApplicationContext: initialization completed in 2225 ms
2017-12-09 17:06:08.521  INFO 22399 --- [localhost-startStop-1] o.s.b.w.servlet.ServletRegistrationBean  : Mapping servlet: 'dispatcherServlet' to [/]
2017-12-09 17:06:08.526  INFO 22399 --- [localhost-startStop-1] o.s.b.w.servlet.FilterRegistrationBean   : Mapping filter: 'characterEncodingFilter' to: [/*]
2017-12-09 17:06:08.527  INFO 22399 --- [localhost-startStop-1] o.s.b.w.servlet.FilterRegistrationBean   : Mapping filter: 'hiddenHttpMethodFilter' to: [/*]
2017-12-09 17:06:08.528  INFO 22399 --- [localhost-startStop-1] o.s.b.w.servlet.FilterRegistrationBean   : Mapping filter: 'httpPutFormContentFilter' to: [/*]
2017-12-09 17:06:08.528  INFO 22399 --- [localhost-startStop-1] o.s.b.w.servlet.FilterRegistrationBean   : Mapping filter: 'requestContextFilter' to: [/*]
2017-12-09 17:06:09.133  INFO 22399 --- [main] s.w.s.m.m.a.RequestMappingHandlerAdapter : Looking for @ControllerAdvice: org.springframework.boot.context.embedded.AnnotationConfigEmbeddedWebApplicationContext@16e7dcfd: startup date [Sat Dec 09 17:06:06 CET 2017]; root of context hierarchy
2017-12-09 17:06:09.230  INFO 22399 --- [main] s.w.s.m.m.a.RequestMappingHandlerMapping : Mapped "{[/error],produces=[text/html]}" onto public org.springframework.web.servlet.ModelAndView org.springframework.boot.autoconfigure.web.BasicErrorController.errorHtml(javax.servlet.http.HttpServletRequest,javax.servlet.http.HttpServletResponse)
2017-12-09 17:06:09.231  INFO 22399 --- [main] s.w.s.m.m.a.RequestMappingHandlerMapping : Mapped "{[/error]}" onto public org.springframework.http.ResponseEntity<java.util.Map<java.lang.String, java.lang.Object>> org.springframework.boot.autoconfigure.web.BasicErrorController.error(javax.servlet.http.HttpServletRequest)
2017-12-09 17:06:09.296  INFO 22399 --- [main] o.s.w.s.handler.SimpleUrlHandlerMapping  : Mapped URL path [/webjars/**] onto handler of type [class org.springframework.web.servlet.resource.ResourceHttpRequestHandler]
2017-12-09 17:06:09.296  INFO 22399 --- [main] o.s.w.s.handler.SimpleUrlHandlerMapping  : Mapped URL path [/**] onto handler of type [class org.springframework.web.servlet.resource.ResourceHttpRequestHandler]
2017-12-09 17:06:09.390  INFO 22399 --- [main] o.s.w.s.handler.SimpleUrlHandlerMapping  : Mapped URL path [/**/favicon.ico] onto handler of type [class org.springframework.web.servlet.resource.ResourceHttpRequestHandler]
2017-12-09 17:06:09.700  INFO 22399 --- [main] o.s.j.e.a.AnnotationMBeanExporter        : Registering beans for JMX exposure on startup
2017-12-09 17:06:09.714  INFO 22399 --- [main] o.s.j.e.a.AnnotationMBeanExporter        : Bean with name 'rabbitConnectionFactory' has been autodetected for JMX exposure
2017-12-09 17:06:09.718  INFO 22399 --- [main] o.s.j.e.a.AnnotationMBeanExporter        : Located managed bean 'rabbitConnectionFactory': registering with JMX server as MBean [org.springframework.amqp.rabbit.connection:name=rabbitConnectionFactory,type=CachingConnectionFactory]
2017-12-09 17:06:09.766  INFO 22399 --- [main] o.s.c.support.DefaultLifecycleProcessor  : Starting beans in phase 2147483647
2017-12-09 17:06:09.825  INFO 22399 --- [SimpleAsyncTaskExecutor-1] o.s.a.r.c.CachingConnectionFactory       : Created new connection: rabbitConnectionFactory#6480b860:0/SimpleConnection@c33dfe7 [delegate=amqp://radmin@127.0.0.1:5672/, localPort= 50826]
2017-12-09 17:06:09.933  INFO 22399 --- [main] s.b.c.e.t.TomcatEmbeddedServletContainer : Tomcat started on port(s): 8052 (http)
2017-12-09 17:06:09.940  INFO 22399 --- [main] pringbootRabbitmqConsumerDemoApplication : Started SpringbootRabbitmqConsumerDemoApplication in 4.512 seconds (JVM running for 5.473)
2017-12-09 17:06:22.496  INFO 22399 --- [Thread-12] ationConfigEmbeddedWebApplicationContext : Closing org.springframework.boot.context.embedded.AnnotationConfigEmbeddedWebApplicationContext@16e7dcfd: startup date [Sat Dec 09 17:06:06 CET 2017]; root of context hierarchy
2017-12-09 17:06:22.503  INFO 22399 --- [Thread-12] o.s.c.support.DefaultLifecycleProcessor  : Stopping beans in phase 2147483647
2017-12-09 17:06:22.510  INFO 22399 --- [Thread-12] o.s.a.r.l.SimpleMessageListenerContainer : Waiting for workers to finish.
2017-12-09 17:06:22.891  INFO 22399 --- [Thread-12] o.s.a.r.l.SimpleMessageListenerContainer : Successfully waited for workers to finish.
2017-12-09 17:06:22.895  INFO 22399 --- [Thread-12] o.s.j.e.a.AnnotationMBeanExporter        : Unregistering JMX-exposed beans on shutdown
2017-12-09 17:06:22.895  INFO 22399 --- [Thread-12] o.s.j.e.a.AnnotationMBeanExporter        : Unregistering JMX-exposed beans
